<?xml version="1.0" encoding="UTF-8"?>
<testng-results ignored="0" total="4" passed="4" failed="0" skipped="0">
  <reporter-output>
  </reporter-output>
  <suite started-at="2026-03-25T10:48:56 IST" name="Default suite" finished-at="2026-03-25T10:48:57 IST" duration-ms="286">
    <groups>
    </groups>
    <test started-at="2026-03-25T10:48:56 IST" name="Default test" finished-at="2026-03-25T10:48:57 IST" duration-ms="286">
      <class name="org26.dateUtility.Example1">
        <test-method signature="testDate()[pri:1, instance:org26.dateUtility.Example1@5e0e82ae]" started-at="2026-03-25T10:48:56 IST" name="testDate" finished-at="2026-03-25T10:48:56 IST" duration-ms="127" status="PASS">
          <reporter-output>
          </reporter-output>
        </test-method> <!-- testDate -->
        <test-method signature="dateInPastAndFutureDays()[pri:2, instance:org26.dateUtility.Example1@5e0e82ae]" started-at="2026-03-25T10:48:57 IST" name="dateInPastAndFutureDays" finished-at="2026-03-25T10:48:57 IST" duration-ms="14" status="PASS">
          <reporter-output>
          </reporter-output>
        </test-method> <!-- dateInPastAndFutureDays -->
        <test-method signature="dateInPastAndFutureMonths()[pri:3, instance:org26.dateUtility.Example1@5e0e82ae]" started-at="2026-03-25T10:48:57 IST" name="dateInPastAndFutureMonths" finished-at="2026-03-25T10:48:57 IST" duration-ms="7" status="PASS">
          <reporter-output>
          </reporter-output>
        </test-method> <!-- dateInPastAndFutureMonths -->
        <test-method signature="dateInPastAndFutureYear()[pri:4, instance:org26.dateUtility.Example1@5e0e82ae]" started-at="2026-03-25T10:48:57 IST" name="dateInPastAndFutureYear" finished-at="2026-03-25T10:48:57 IST" duration-ms="9" status="PASS">
          <reporter-output>
          </reporter-output>
        </test-method> <!-- dateInPastAndFutureYear -->
      </class> <!-- org26.dateUtility.Example1 -->
    </test> <!-- Default test -->
  </suite> <!-- Default suite -->
</testng-results>
