<?xml version="1.0" encoding="UTF-8"?>
<!-- Generated by org.testng.reporters.JUnitXMLReporter -->
<testsuite ignored="0" hostname="DESKTOP-2SIGHCR" failures="0" tests="4" name="Test" time="7.965" errors="0" timestamp="2026-02-17T18:55:11 IST">
  <testcase classname="api17.chaining.CreateUser" name="test_CreateUser" time="4.938"/>
  <testcase classname="api17.chaining.GetUser" name="test_GetUser" time="1.108"/>
  <testcase classname="api17.chaining.UpdateUser" name="test_UpdateUser" time="0.914"/>
  <testcase classname="api17.chaining.DeleteUser" name="test_DeleteUser" time="0.914"/>
</testsuite> <!-- Test -->
