<?xml version="1.0" encoding="UTF-8"?>
<!-- Generated by org.testng.reporters.JUnitReportReporter -->
<testsuite hostname="DESKTOP-2SIGHCR" failures="0" tests="4" name="api.testcases.TestUserFlowWithPojo" time="12.015" errors="0" timestamp="2026-03-10T16:40:18 IST" skipped="0">
  <testcase classname="api.testcases.TestUserFlowWithPojo" name="testUserCreation" time="5.121"/>
  <testcase classname="api.testcases.TestUserFlowWithPojo" name="testGetCreatedUser" time="1.780"/>
  <testcase classname="api.testcases.TestUserFlowWithPojo" name="testUserUpdate" time="3.272"/>
  <testcase classname="api.testcases.TestUserFlowWithPojo" name="testUserDeletion" time="1.842"/>
</testsuite> <!-- api.testcases.TestUserFlowWithPojo -->
