<?xml version="1.0" encoding="UTF-8"?>
<!-- Generated by org.testng.reporters.JUnitReportReporter -->
<testsuite hostname="DESKTOP-2SIGHCR" failures="0" tests="2" name="api.testcases.TestJsonPlaceholder" time="5.144" errors="0" timestamp="2026-02-28T18:12:33 IST" skipped="0">
  <testcase classname="api.testcases.TestJsonPlaceholder" name="testCreate" time="4.096"/>
  <testcase classname="api.testcases.TestJsonPlaceholder" name="testGet" time="1.048"/>
</testsuite> <!-- api.testcases.TestJsonPlaceholder -->
