<?xml version="1.0" encoding="UTF-8"?>
<testng-results ignored="0" total="4" passed="4" failed="0" skipped="0">
  <reporter-output>
  </reporter-output>
  <suite started-at="2026-03-10T16:40:05 IST" name="Suite" finished-at="2026-03-10T16:40:18 IST" duration-ms="12440">
    <groups>
    </groups>
    <test started-at="2026-03-10T16:40:05 IST" name="Test" finished-at="2026-03-10T16:40:18 IST" duration-ms="12440">
      <class name="api.testcases.TestUserFlowWithPojo">
        <test-method is-config="true" signature="setUp()[pri:0, instance:api.testcases.TestUserFlowWithPojo@4e7912d8]" started-at="2026-03-10T16:40:05 IST" name="setUp" finished-at="2026-03-10T16:40:06 IST" duration-ms="340" status="PASS">
          <reporter-output>
          </reporter-output>
        </test-method> <!-- setUp -->
        <test-method signature="testUserCreation()[pri:1, instance:api.testcases.TestUserFlowWithPojo@4e7912d8]" started-at="2026-03-10T16:40:06 IST" name="testUserCreation" finished-at="2026-03-10T16:40:11 IST" duration-ms="5121" status="PASS">
          <reporter-output>
          </reporter-output>
        </test-method> <!-- testUserCreation -->
        <test-method signature="testGetCreatedUser()[pri:2, instance:api.testcases.TestUserFlowWithPojo@4e7912d8]" started-at="2026-03-10T16:40:11 IST" name="testGetCreatedUser" finished-at="2026-03-10T16:40:13 IST" duration-ms="1780" status="PASS">
          <reporter-output>
          </reporter-output>
        </test-method> <!-- testGetCreatedUser -->
        <test-method signature="testUserUpdate()[pri:3, instance:api.testcases.TestUserFlowWithPojo@4e7912d8]" started-at="2026-03-10T16:40:13 IST" name="testUserUpdate" finished-at="2026-03-10T16:40:16 IST" duration-ms="3272" status="PASS">
          <reporter-output>
          </reporter-output>
        </test-method> <!-- testUserUpdate -->
        <test-method signature="testUserDeletion()[pri:5, instance:api.testcases.TestUserFlowWithPojo@4e7912d8]" started-at="2026-03-10T16:40:16 IST" name="testUserDeletion" finished-at="2026-03-10T16:40:18 IST" duration-ms="1842" status="PASS">
          <reporter-output>
          </reporter-output>
        </test-method> <!-- testUserDeletion -->
      </class> <!-- api.testcases.TestUserFlowWithPojo -->
    </test> <!-- Test -->
  </suite> <!-- Suite -->
</testng-results>
