<?xml version="1.0" encoding="UTF-8"?>
<!-- Generated by org.testng.reporters.JUnitReportReporter -->
<testsuite hostname="DESKTOP-DE53235" failures="0" tests="4" name="org16.testNG1.Example3" time="0.025" errors="0" timestamp="2024-12-26T19:08:10 IST" skipped="0">
  <testcase classname="org16.testNG1.Example3" name="testCase4" time="0.002"/>
  <system-out/>
  <testcase classname="org16.testNG1.Example3" name="testCase3" time="0.008"/>
  <system-out/>
  <testcase classname="org16.testNG1.Example3" name="testCase2" time="0.009"/>
  <system-out/>
  <testcase classname="org16.testNG1.Example3" name="testCase1" time="0.006"/>
  <system-out/>
</testsuite> <!-- org16.testNG1.Example3 -->
