<?xml version="1.0" encoding="UTF-8"?>
<!-- Generated by org.testng.reporters.JUnitReportReporter -->
<testsuite hostname="DESKTOP-2SIGHCR" failures="0" tests="4" name="org26.dateUtility.Example1" time="0.157" errors="0" timestamp="2026-03-25T10:48:57 IST" skipped="0">
  <testcase classname="org26.dateUtility.Example1" name="testDate" time="0.127"/>
  <testcase classname="org26.dateUtility.Example1" name="dateInPastAndFutureDays" time="0.014"/>
  <testcase classname="org26.dateUtility.Example1" name="dateInPastAndFutureMonths" time="0.007"/>
  <testcase classname="org26.dateUtility.Example1" name="dateInPastAndFutureYear" time="0.009"/>
</testsuite> <!-- org26.dateUtility.Example1 -->
