<?xml version="1.0" encoding="UTF-8"?>
<testng-results ignored="0" total="2" passed="2" failed="0" skipped="0">
  <reporter-output>
  </reporter-output>
  <suite started-at="2026-04-17T11:20:36 IST" name="Default suite" finished-at="2026-04-17T11:20:36 IST" duration-ms="134">
    <groups>
    </groups>
    <test started-at="2026-04-17T11:20:36 IST" name="Default test" finished-at="2026-04-17T11:20:36 IST" duration-ms="134">
      <class name="api01.basicOperation.JsonArray">
        <test-method signature="sampleJsonArray()[pri:0, instance:api01.basicOperation.JsonArray@4ef37659]" started-at="2026-04-17T11:20:36 IST" name="sampleJsonArray" finished-at="2026-04-17T11:20:36 IST" duration-ms="26" status="PASS">
          <reporter-output>
          </reporter-output>
        </test-method> <!-- sampleJsonArray -->
        <test-method signature="sampleJsonArray2()[pri:0, instance:api01.basicOperation.JsonArray@4ef37659]" started-at="2026-04-17T11:20:36 IST" name="sampleJsonArray2" finished-at="2026-04-17T11:20:36 IST" duration-ms="9" status="PASS">
          <reporter-output>
          </reporter-output>
        </test-method> <!-- sampleJsonArray2 -->
      </class> <!-- api01.basicOperation.JsonArray -->
    </test> <!-- Default test -->
  </suite> <!-- Default suite -->
</testng-results>
