<?xml version="1.0" encoding="UTF-8"?>
<!-- Generated by org.testng.reporters.JUnitReportReporter -->
<testsuite hostname="DESKTOP-2SIGHCR" failures="0" tests="2" name="api1.basicOperation.WriteAndReadOps" time="0.075" errors="0" timestamp="2026-02-03T16:27:53 IST" skipped="0">
  <testcase classname="api1.basicOperation.WriteAndReadOps" name="writeInJsonFile" time="0.029"/>
  <testcase classname="api1.basicOperation.WriteAndReadOps" name="readFromJsonFile" time="0.046"/>
</testsuite> <!-- api1.basicOperation.WriteAndReadOps -->
