<?xml version="1.0" encoding="UTF-8"?>
<!-- Generated by org.testng.reporters.JUnitReportReporter -->
<testsuite hostname="DESKTOP-2SIGHCR" failures="0" tests="2" name="api1.jsonPlaceholderWeb.JsonArray" time="0.083" errors="0" timestamp="2026-02-03T15:57:06 IST" skipped="0">
  <testcase classname="api1.jsonPlaceholderWeb.JsonArray" name="sampleJsonArray" time="0.030"/>
  <testcase classname="api1.jsonPlaceholderWeb.JsonArray" name="sampleJsonArray2" time="0.053"/>
</testsuite> <!-- api1.jsonPlaceholderWeb.JsonArray -->
