<?xml version="1.0" encoding="UTF-8"?>
<!-- Generated by org.testng.reporters.JUnitReportReporter -->
<testsuite hostname="DESKTOP-2SIGHCR" failures="0" tests="2" name="api15.serializationAndDeserializationWithPojo.SerializationDeserialization" time="0.378" errors="0" timestamp="2026-02-17T11:35:54 IST" skipped="0">
  <testcase classname="api15.serializationAndDeserializationWithPojo.SerializationDeserialization" name="convertJsonToPojo" time="0.348"/>
  <testcase classname="api15.serializationAndDeserializationWithPojo.SerializationDeserialization" name="convertPojoToJson" time="0.030"/>
</testsuite> <!-- api15.serializationAndDeserializationWithPojo.SerializationDeserialization -->
