<?xml version="1.0" encoding="UTF-8"?>
<!-- Generated by org.testng.reporters.JUnitReportReporter -->
<testsuite hostname="DESKTOP-2SIGHCR" failures="0" tests="3" name="api11.jsonResponseValidate.ParsingJsonResponseData" time="48.545" errors="1" timestamp="2026-02-16T11:20:36 IST" skipped="0">
  <testcase classname="api11.jsonResponseValidate.ParsingJsonResponseData" name="testJsonResponseData" time="25.791"/>
  <testcase classname="api11.jsonResponseValidate.ParsingJsonResponseData" name="testJsonResponseData1" time="21.631"/>
  <testcase classname="api11.jsonResponseValidate.ParsingJsonResponseData" name="testJsonResponseData3" time="1.123">
    <error message="A JSONObject text must begin with &#039;{&#039; at 1 [character 2 line 1]" type="org.json.JSONException">
      <![CDATA[org.json.JSONException: A JSONObject text must begin with '{' at 1 [character 2 line 1]
at org.json.JSONTokener.syntaxError(JSONTokener.java:521)
at org.json.JSONObject.<init>(JSONObject.java:225)
at org.json.JSONObject.<init>(JSONObject.java:421)
at api11.jsonResponseValidate.ParsingJsonResponseData.testJsonResponseData3(ParsingJsonResponseData.java:37)
at java.base/jdk.internal.reflect.DirectMethodHandleAccessor.invoke(DirectMethodHandleAccessor.java:103)
at java.base/java.lang.reflect.Method.invoke(Method.java:580)
at org.testng.internal.invokers.MethodInvocationHelper.invokeMethod(MethodInvocationHelper.java:139)
at org.testng.internal.invokers.TestInvoker.invokeMethod(TestInvoker.java:664)
at org.testng.internal.invokers.TestInvoker.invokeTestMethod(TestInvoker.java:227)
at org.testng.internal.invokers.MethodRunner.runInSequence(MethodRunner.java:50)
at org.testng.internal.invokers.TestInvoker$MethodInvocationAgent.invoke(TestInvoker.java:957)
at org.testng.internal.invokers.TestInvoker.invokeTestMethods(TestInvoker.java:200)
at org.testng.internal.invokers.TestMethodWorker.invokeTestMethods(TestMethodWorker.java:148)
at org.testng.internal.invokers.TestMethodWorker.run(TestMethodWorker.java:128)
at java.base/java.util.ArrayList.forEach(ArrayList.java:1596)
at org.testng.TestRunner.privateRun(TestRunner.java:848)
at org.testng.TestRunner.run(TestRunner.java:621)
at org.testng.SuiteRunner.runTest(SuiteRunner.java:443)
at org.testng.SuiteRunner.runSequentially(SuiteRunner.java:437)
at org.testng.SuiteRunner.privateRun(SuiteRunner.java:397)
at org.testng.SuiteRunner.run(SuiteRunner.java:336)
at org.testng.SuiteRunnerWorker.runSuite(SuiteRunnerWorker.java:52)
at org.testng.SuiteRunnerWorker.run(SuiteRunnerWorker.java:95)
at org.testng.TestNG.runSuitesSequentially(TestNG.java:1280)
at org.testng.TestNG.runSuitesLocally(TestNG.java:1200)
at org.testng.TestNG.runSuites(TestNG.java:1114)
at org.testng.TestNG.run(TestNG.java:1082)
at org.testng.remote.AbstractRemoteTestNG.run(AbstractRemoteTestNG.java:115)
at org.testng.remote.RemoteTestNG.initAndRun(RemoteTestNG.java:293)
at org.testng.remote.RemoteTestNG.main(RemoteTestNG.java:91)
]]>
    </error>
  </testcase> <!-- testJsonResponseData3 -->
</testsuite> <!-- api11.jsonResponseValidate.ParsingJsonResponseData -->
