<?xml version="1.0" encoding="UTF-8"?>
<!-- Generated by org.testng.reporters.JUnitReportReporter -->
<testsuite hostname="DESKTOP-2SIGHCR" failures="0" tests="2" name="api2.serializationAndPojo.Serialization" time="0.076" errors="0" timestamp="2026-02-03T23:33:46 IST" skipped="0">
  <testcase classname="api2.serializationAndPojo.Serialization" name="testSerialization" time="0.017"/>
  <testcase classname="api2.serializationAndPojo.Serialization" name="testDeserialized" time="0.059"/>
</testsuite> <!-- api2.serializationAndPojo.Serialization -->
