<?xml version="1.0" encoding="UTF-8"?>
<!-- Generated by org.testng.reporters.JUnitReportReporter -->
<testsuite hostname="DESKTOP-2SIGHCR" failures="0" tests="3" name="api1.jsonPlaceholderWeb.Example1" time="0.038" errors="0" timestamp="2026-02-03T11:59:54 IST" skipped="0">
  <testcase classname="api1.jsonPlaceholderWeb.Example1" name="workingWithJSONObject" time="0.007"/>
  <testcase classname="api1.jsonPlaceholderWeb.Example1" name="convertJSONStringToJSONObject" time="0.025"/>
  <testcase classname="api1.jsonPlaceholderWeb.Example1" name="convertMapToJSONString" time="0.006"/>
</testsuite> <!-- api1.jsonPlaceholderWeb.Example1 -->
