<?xml version="1.0" encoding="UTF-8"?>
<!-- Generated by org.testng.reporters.JUnitReportReporter -->
<testsuite hostname="DESKTOP-2SIGHCR" failures="0" tests="2" name="api01.basicOperation.JsonArray" time="0.035" errors="0" timestamp="2026-04-17T11:20:37 IST" skipped="0">
  <testcase classname="api01.basicOperation.JsonArray" name="sampleJsonArray" time="0.026"/>
  <testcase classname="api01.basicOperation.JsonArray" name="sampleJsonArray2" time="0.009"/>
</testsuite> <!-- api01.basicOperation.JsonArray -->
