<?xml version="1.0" encoding="UTF-8"?>
<!-- Generated by org.testng.reporters.JUnitReportReporter -->
<testsuite hostname="DESKTOP-2SIGHCR" failures="0" tests="3" name="sdet3.cookiesAndHeaders.HeadersValidate" time="6.852" errors="0" timestamp="2026-02-15T18:06:04 IST" skipped="0">
  <testcase classname="sdet3.cookiesAndHeaders.HeadersValidate" name="testHeaders" time="4.763"/>
  <testcase classname="sdet3.cookiesAndHeaders.HeadersValidate" name="testHeaders1" time="1.283"/>
  <testcase classname="sdet3.cookiesAndHeaders.HeadersValidate" name="testHeaders2" time="0.806"/>
</testsuite> <!-- sdet3.cookiesAndHeaders.HeadersValidate -->
