<?xml version="1.0" encoding="UTF-8"?>
<!-- Generated by org.testng.reporters.JUnitReportReporter -->
<testsuite hostname="DESKTOP-2SIGHCR" failures="0" tests="3" name="api01.basicOperation.ConversionProgram" time="0.041" errors="0" timestamp="2026-04-17T11:07:48 IST" skipped="0">
  <testcase classname="api01.basicOperation.ConversionProgram" name="convertMapToJSONString" time="0.007"/>
  <testcase classname="api01.basicOperation.ConversionProgram" name="convertJSONStringToJSONObject" time="0.023"/>
  <testcase classname="api01.basicOperation.ConversionProgram" name="workingWithJSONObject" time="0.011"/>
</testsuite> <!-- api01.basicOperation.ConversionProgram -->
