<?xml version="1.0" encoding="UTF-8"?>
<!-- Generated by org.testng.reporters.JUnitXMLReporter -->
<testsuite ignored="0" hostname="DESKTOP-DE53235" failures="0" tests="4" name="Test" time="35.822" errors="0" timestamp="2024-12-26T23:39:56 IST">
  <testcase classname="org20.advanceTestNG.Parameterization" name="testCaseOne" time="0.02"/>
  <testcase classname="org20.advanceTestNG.Parameterization" name="testCaseThree" time="0.009"/>
  <testcase classname="org20.advanceTestNG.Parameterization" name="testCaseTwo" time="0.013"/>
  <testcase classname="org20.advanceTestNG.Parameterization" name="testLogInOfVtiger" time="35.702"/>
</testsuite> <!-- Test -->
